Using pre-set license
Built from '2020.3/staging' branch; Version is '2020.3.20f1 (41c4e627c95f) revision 4310246'; Using compiler version '192528614'; Build Type 'Release'
OS: 'Windows 10 Home; OS build 22000.493; Version 2009; 64bit' Language: 'pt' Physical Memory: 16236 MB
BatchMode: 1, IsHumanControllingUs: 0, StartBugReporterOnCrash: 0, Is64bit: 1, IsPro: 0

COMMAND LINE ARGUMENTS:
C:\Program Files\Unity\Hub\Editor\2020.3.20f1\Editor\Unity.exe
-adb2
-batchMode
-noUpm
-name
AssetImportWorker0
-projectPath
C:/Unity Projects/Cocoa
-logFile
Logs/AssetImportWorker0.log
-srvPort
63067
Successfully changed project path to: C:/Unity Projects/Cocoa
C:/Unity Projects/Cocoa
Using Asset Import Pipeline V2.
Refreshing native plugins compatible for Editor in 45.66 ms, found 3 plugins.
Preloading 0 native plugins for Editor in 0.00 ms.
Initialize engine version: 2020.3.20f1 (41c4e627c95f)
[Subsystems] Discovering subsystems at path C:/Program Files/Unity/Hub/Editor/2020.3.20f1/Editor/Data/Resources/UnitySubsystems
[Subsystems] Discovering subsystems at path C:/Unity Projects/Cocoa/Assets
GfxDevice: creating device client; threaded=0
Direct3D:
    Version:  Direct3D 11.0 [level 11.1]
    Renderer: NVIDIA GeForce GTX 1650 (ID=0x1f91)
    Vendor:   
    VRAM:     3962 MB
    Driver:   30.0.15.1165
Initialize mono
Mono path[0] = 'C:/Program Files/Unity/Hub/Editor/2020.3.20f1/Editor/Data/Managed'
Mono path[1] = 'C:/Program Files/Unity/Hub/Editor/2020.3.20f1/Editor/Data/MonoBleedingEdge/lib/mono/unityjit'
Mono config path = 'C:/Program Files/Unity/Hub/Editor/2020.3.20f1/Editor/Data/MonoBleedingEdge/etc'
Using monoOptions --debugger-agent=transport=dt_socket,embedding=1,server=y,suspend=n,address=127.0.0.1:56892
Begin MonoManager ReloadAssembly
Registering precompiled unity dll's ...
Register platform support module: C:/Program Files/Unity/Hub/Editor/2020.3.20f1/Editor/Data/PlaybackEngines/WebGLSupport/UnityEditor.WebGL.Extensions.dll
Register platform support module: C:/Program Files/Unity/Hub/Editor/2020.3.20f1/Editor/Data/PlaybackEngines/WindowsStandaloneSupport/UnityEditor.WindowsStandalone.Extensions.dll
Register platform support module: C:/Program Files/Unity/Hub/Editor/2020.3.20f1/Editor/Data/PlaybackEngines/LinuxStandaloneSupport/UnityEditor.LinuxStandalone.Extensions.dll
Registered in 0.001920 seconds.
Native extension for LinuxStandalone target not found
Native extension for WindowsStandalone target not found
Native extension for WebGL target not found
Refreshing native plugins compatible for Editor in 45.56 ms, found 3 plugins.
Preloading 0 native plugins for Editor in 0.00 ms.
Mono: successfully reloaded assembly
- Completed reload, in  1.567 seconds
Domain Reload Profiling:
	ReloadAssembly (1567ms)
		BeginReloadAssembly (46ms)
			ExecutionOrderSort (0ms)
			DisableScriptedObjects (0ms)
			BackupInstance (0ms)
			ReleaseScriptingObjects (0ms)
			CreateAndSetChildDomain (1ms)
		EndReloadAssembly (415ms)
			LoadAssemblies (44ms)
			RebuildTransferFunctionScriptingTraits (0ms)
			SetupTypeCache (149ms)
			ReleaseScriptCaches (0ms)
			RebuildScriptCaches (30ms)
			SetupLoadedEditorAssemblies (167ms)
				LogAssemblyErrors (0ms)
				InitializePlatformSupportModulesInManaged (5ms)
				SetLoadedEditorAssemblies (0ms)
				RefreshPlugins (46ms)
				BeforeProcessingInitializeOnLoad (16ms)
				ProcessInitializeOnLoadAttributes (75ms)
				ProcessInitializeOnLoadMethodAttributes (26ms)
				AfterProcessingInitializeOnLoad (0ms)
				EditorAssembliesLoaded (0ms)
			ExecutionOrderSort2 (0ms)
			AwakeInstancesAfterBackupRestoration (0ms)
Platform modules already initialized, skipping
Registering precompiled user dll's ...
Registered in 0.002537 seconds.
Begin MonoManager ReloadAssembly
Native extension for LinuxStandalone target not found
Native extension for WindowsStandalone target not found
Native extension for WebGL target not found
Refreshing native plugins compatible for Editor in 43.83 ms, found 3 plugins.
Preloading 0 native plugins for Editor in 0.00 ms.
Mono: successfully reloaded assembly
- Completed reload, in  1.104 seconds
Domain Reload Profiling:
	ReloadAssembly (1105ms)
		BeginReloadAssembly (149ms)
			ExecutionOrderSort (0ms)
			DisableScriptedObjects (4ms)
			BackupInstance (0ms)
			ReleaseScriptingObjects (0ms)
			CreateAndSetChildDomain (17ms)
		EndReloadAssembly (899ms)
			LoadAssemblies (84ms)
			RebuildTransferFunctionScriptingTraits (0ms)
			SetupTypeCache (285ms)
			ReleaseScriptCaches (0ms)
			RebuildScriptCaches (49ms)
			SetupLoadedEditorAssemblies (356ms)
				LogAssemblyErrors (0ms)
				InitializePlatformSupportModulesInManaged (15ms)
				SetLoadedEditorAssemblies (0ms)
				RefreshPlugins (44ms)
				BeforeProcessingInitializeOnLoad (75ms)
				ProcessInitializeOnLoadAttributes (203ms)
				ProcessInitializeOnLoadMethodAttributes (14ms)
				AfterProcessingInitializeOnLoad (5ms)
				EditorAssembliesLoaded (0ms)
			ExecutionOrderSort2 (0ms)
			AwakeInstancesAfterBackupRestoration (6ms)
Platform modules already initialized, skipping
========================================================================
Worker process is ready to serve import requests
Launched and connected shader compiler UnityShaderCompiler.exe after 0.04 seconds
Refreshing native plugins compatible for Editor in 0.69 ms, found 3 plugins.
Preloading 0 native plugins for Editor in 0.00 ms.
Unloading 2276 Unused Serialized files (Serialized files now loaded: 0)
System memory in use before: 101.3 MB.
System memory in use after: 101.5 MB.

Unloading 27 unused Assets to reduce memory usage. Loaded Objects now: 2720.
Total: 4.777100 ms (FindLiveObjects: 0.473700 ms CreateObjectMapping: 0.187900 ms MarkObjects: 4.020000 ms  DeleteObjects: 0.092900 ms)

AssetImportParameters requested are different than current active one (requested -> active):
  custom:framework-win-MediaFoundation: 216162199b28c13a410421893ffa2e32 -> 
  custom:video-decoder-ogg-theora: a1e56fd34408186e4bbccfd4996cb3dc -> 
  custom:container-muxer-webm: aa71ff27fc2769a1b78a27578f13a17b -> 
  custom:container-demuxer-webm: 4f35f7cbe854078d1ac9338744f61a02 -> 
  custom:container-demuxer-ogg: 62fdf1f143b41e24485cea50d1cbac27 -> 
  custom:video-encoder-webm-vp8: eb34c28f22e8b96e1ab97ce403110664 -> 
  custom:video-codec-MediaFoundation-h265: 746d11721c4dcdbdad8f713fa42b33f4 -> 
  custom:video-decoder-webm-vp8: 9c59270c3fd7afecdb556c50c9e8de78 -> 
  custom:audio-decoder-ogg-vorbis: bf7c407c2cedff20999df2af8eb42d56 -> 
  custom:audio-encoder-webm-vorbis: bf7c407c2cedff20999df2af8eb42d56 -> 
========================================================================
Received Import Request.
  path: Assets/Prefabs/Game Manager.prefab
  artifactKey: Guid(0d7af66956b67584c988c4695a753f04) Importer(815301076,1909f56bfc062723c751e8b465ee728b)
Start importing Assets/Prefabs/Game Manager.prefab using Guid(0d7af66956b67584c988c4695a753f04) Importer(815301076,1909f56bfc062723c751e8b465ee728b)  -> (artifact id: 'c1e695c06ec6f96963e072e43cf84b8f') in 0.040315 seconds 
  Import took 0.046278 seconds .

========================================================================
Received Import Request.
  Time since last request: 123.227140 seconds.
  path: Assets/Tiles/Indoor
  artifactKey: Guid(247043432f5108047b22e7e11a9b35b0) Importer(815301076,1909f56bfc062723c751e8b465ee728b)
Start importing Assets/Tiles/Indoor using Guid(247043432f5108047b22e7e11a9b35b0) Importer(815301076,1909f56bfc062723c751e8b465ee728b)  -> (artifact id: '452d955f8ce60db7505399268ee1bfe6') in 0.002076 seconds 
  Import took 0.007838 seconds .

========================================================================
Received Import Request.
  Time since last request: 16.516877 seconds.
  path: Assets/Tiles/Indoor/shop.png
  artifactKey: Guid(eca8bace3fc2e6f4fa7f8de4b2e4810a) Importer(815301076,1909f56bfc062723c751e8b465ee728b)
Start importing Assets/Tiles/Indoor/shop.png using Guid(eca8bace3fc2e6f4fa7f8de4b2e4810a) Importer(815301076,1909f56bfc062723c751e8b465ee728b)  -> (artifact id: 'd9c1d159e7c2a856d21b2c75eab1c632') in 0.089783 seconds 
  Import took 0.094176 seconds .

========================================================================
Received Import Request.
  Time since last request: 99.089333 seconds.
  path: Assets/Tiles/Indoor/Indoor.prefab
  artifactKey: Guid(bc0015a34e95aae41b25ccc0298a0fd0) Importer(815301076,1909f56bfc062723c751e8b465ee728b)
Start importing Assets/Tiles/Indoor/Indoor.prefab using Guid(bc0015a34e95aae41b25ccc0298a0fd0) Importer(815301076,1909f56bfc062723c751e8b465ee728b)  -> (artifact id: '57b43c722b915166cd5d4bcae6fcd8b5') in 0.032554 seconds 
  Import took 0.037910 seconds .

========================================================================
Received Import Request.
  Time since last request: 70.450768 seconds.
  path: Assets/Tiles/Indoor/Rectangular Palette.prefab
  artifactKey: Guid(bea24bb443238214690eca48095c758e) Importer(815301076,1909f56bfc062723c751e8b465ee728b)
Start importing Assets/Tiles/Indoor/Rectangular Palette.prefab using Guid(bea24bb443238214690eca48095c758e) Importer(815301076,1909f56bfc062723c751e8b465ee728b)  -> (artifact id: '6b9a926bf451afede9d3df4eaaa7b2b3') in 0.011769 seconds 
  Import took 0.017914 seconds .

========================================================================
Received Import Request.
  Time since last request: 218.191906 seconds.
  path: Assets/Tiles/Indoor/shop.png
  artifactKey: Guid(eca8bace3fc2e6f4fa7f8de4b2e4810a) Importer(815301076,1909f56bfc062723c751e8b465ee728b)
Start importing Assets/Tiles/Indoor/shop.png using Guid(eca8bace3fc2e6f4fa7f8de4b2e4810a) Importer(815301076,1909f56bfc062723c751e8b465ee728b)  -> (artifact id: 'ea70d1a03631a55aaa7d4953fc5b4af0') in 0.008338 seconds 
  Import took 0.013787 seconds .

========================================================================
Received Import Request.
  Time since last request: 326.624203 seconds.
  path: Assets/Tiles/Indoor/shop.png
  artifactKey: Guid(eca8bace3fc2e6f4fa7f8de4b2e4810a) Importer(815301076,1909f56bfc062723c751e8b465ee728b)
Start importing Assets/Tiles/Indoor/shop.png using Guid(eca8bace3fc2e6f4fa7f8de4b2e4810a) Importer(815301076,1909f56bfc062723c751e8b465ee728b)  -> (artifact id: '379cf1484d5f544ce1d026fcb216fe7a') in 0.195168 seconds 
  Import took 0.201208 seconds .

========================================================================
Received Import Request.
  Time since last request: 282.945063 seconds.
  path: Assets/Tiles/Indoor/shop.png
  artifactKey: Guid(eca8bace3fc2e6f4fa7f8de4b2e4810a) Importer(815301076,1909f56bfc062723c751e8b465ee728b)
Start importing Assets/Tiles/Indoor/shop.png using Guid(eca8bace3fc2e6f4fa7f8de4b2e4810a) Importer(815301076,1909f56bfc062723c751e8b465ee728b)  -> (artifact id: 'f682aece4f4dc34f53a47a8371f0c113') in 0.185586 seconds 
  Import took 0.190215 seconds .

========================================================================
Received Import Request.
  Time since last request: 126.151729 seconds.
  path: Assets/Tiles/Indoor/shop.png
  artifactKey: Guid(eca8bace3fc2e6f4fa7f8de4b2e4810a) Importer(815301076,1909f56bfc062723c751e8b465ee728b)
Start importing Assets/Tiles/Indoor/shop.png using Guid(eca8bace3fc2e6f4fa7f8de4b2e4810a) Importer(815301076,1909f56bfc062723c751e8b465ee728b)  -> (artifact id: '54da29e12aa843df788e23271f5859f5') in 0.178242 seconds 
  Import took 0.181836 seconds .

========================================================================
Received Import Request.
  Time since last request: 105.206368 seconds.
  path: Assets/Tiles/Indoor/shop.png
  artifactKey: Guid(eca8bace3fc2e6f4fa7f8de4b2e4810a) Importer(815301076,1909f56bfc062723c751e8b465ee728b)
Start importing Assets/Tiles/Indoor/shop.png using Guid(eca8bace3fc2e6f4fa7f8de4b2e4810a) Importer(815301076,1909f56bfc062723c751e8b465ee728b)  -> (artifact id: 'c85942bb7d97edd994199857178667cb') in 0.170937 seconds 
  Import took 0.175991 seconds .

========================================================================
Received Import Request.
  Time since last request: 7.582767 seconds.
  path: Assets/Tiles/Indoor/shop.png
  artifactKey: Guid(eca8bace3fc2e6f4fa7f8de4b2e4810a) Importer(815301076,1909f56bfc062723c751e8b465ee728b)
Start importing Assets/Tiles/Indoor/shop.png using Guid(eca8bace3fc2e6f4fa7f8de4b2e4810a) Importer(815301076,1909f56bfc062723c751e8b465ee728b)  -> (artifact id: '0c2e99485eca22cb2743d7b86b6963b8') in 0.172381 seconds 
  Import took 0.177100 seconds .

========================================================================
Received Import Request.
  Time since last request: 4.856063 seconds.
  path: Assets/Tiles/Indoor/shop.png
  artifactKey: Guid(eca8bace3fc2e6f4fa7f8de4b2e4810a) Importer(815301076,1909f56bfc062723c751e8b465ee728b)
Start importing Assets/Tiles/Indoor/shop.png using Guid(eca8bace3fc2e6f4fa7f8de4b2e4810a) Importer(815301076,1909f56bfc062723c751e8b465ee728b)  -> (artifact id: '926afe6ac513bd35706b436a761d6eba') in 0.177062 seconds 
  Import took 0.180816 seconds .

========================================================================
Received Import Request.
  Time since last request: 8.100302 seconds.
  path: Assets/Tiles/Indoor/shop.png
  artifactKey: Guid(eca8bace3fc2e6f4fa7f8de4b2e4810a) Importer(815301076,1909f56bfc062723c751e8b465ee728b)
Start importing Assets/Tiles/Indoor/shop.png using Guid(eca8bace3fc2e6f4fa7f8de4b2e4810a) Importer(815301076,1909f56bfc062723c751e8b465ee728b)  -> (artifact id: '6398337b2b8cf54e56dc79a8977f2971') in 0.188205 seconds 
  Import took 0.192208 seconds .

========================================================================
Received Import Request.
  Time since last request: 521.301389 seconds.
  path: Assets/Tiles/Indoor/shop.png
  artifactKey: Guid(eca8bace3fc2e6f4fa7f8de4b2e4810a) Importer(815301076,1909f56bfc062723c751e8b465ee728b)
Start importing Assets/Tiles/Indoor/shop.png using Guid(eca8bace3fc2e6f4fa7f8de4b2e4810a) Importer(815301076,1909f56bfc062723c751e8b465ee728b)  -> (artifact id: '57d526988d44de5ff5657f0b660b7549') in 0.229057 seconds 
  Import took 0.233410 seconds .

========================================================================
Received Import Request.
  Time since last request: 378.336357 seconds.
  path: Assets/Tiles/Indoor/shop.png
  artifactKey: Guid(eca8bace3fc2e6f4fa7f8de4b2e4810a) Importer(815301076,1909f56bfc062723c751e8b465ee728b)
Start importing Assets/Tiles/Indoor/shop.png using Guid(eca8bace3fc2e6f4fa7f8de4b2e4810a) Importer(815301076,1909f56bfc062723c751e8b465ee728b)  -> (artifact id: '135ac797ebbeabb305cbb0ccabf60ba5') in 0.210359 seconds 
  Import took 0.215222 seconds .

========================================================================
Received Import Request.
  Time since last request: 62.336919 seconds.
  path: Assets/Tiles/Indoor/shop.png
  artifactKey: Guid(eca8bace3fc2e6f4fa7f8de4b2e4810a) Importer(815301076,1909f56bfc062723c751e8b465ee728b)
Start importing Assets/Tiles/Indoor/shop.png using Guid(eca8bace3fc2e6f4fa7f8de4b2e4810a) Importer(815301076,1909f56bfc062723c751e8b465ee728b)  -> (artifact id: '91adaf568d8d8af92ef73bfb1464d17f') in 0.192662 seconds 
  Import took 0.197110 seconds .

AssetImportWorkerClient::OnTransportError - code=2 error=End of file
